<?xml version="1.0" encoding="UTF-8"?>
<!-- Generated by org.testng.reporters.JUnitXMLReporter -->
<testsuite hostname="DESKTOP-0THIKDA" ignored="0" name="Default test" tests="1" failures="0" timestamp="2021-05-31T14:50:38 IST" time="29.008" errors="0">
  <testcase name="@BeforeMethod f1" time="28.843" classname="Tests.Driver">
    <failure type="org.openqa.selenium.SessionNotCreatedException" message="session not created: This version of ChromeDriver only supports Chrome version 85
Build info: version: &amp;apos;3.141.59&amp;apos;, revision: &amp;apos;e82be7d358&amp;apos;, time: &amp;apos;2018-11-14T08:17:03&amp;apos;
System info: host: &amp;apos;DESKTOP-0THIKDA&amp;apos;, ip: &amp;apos;192.168.1.100&amp;apos;, os.name: &amp;apos;Windows 10&amp;apos;, os.arch: &amp;apos;amd64&amp;apos;, os.version: &amp;apos;10.0&amp;apos;, java.version: &amp;apos;1.8.0_73&amp;apos;
Driver info: driver.version: Driver
remote stacktrace: Backtrace:
	Ordinal0 [0x00C1D383+3134339]
	Ordinal0 [0x00B0A171+2007409]
	Ordinal0 [0x009AAEE8+569064]
	Ordinal0 [0x0093139F+70559]
	Ordinal0 [0x0092CC63+52323]
	Ordinal0 [0x00950DFC+200188]
	Ordinal0 [0x00950C1D+199709]
	Ordinal0 [0x0094EB0B+191243]
	Ordinal0 [0x00932E77+77431]
	Ordinal0 [0x00933E3E+81470]
	Ordinal0 [0x00933DC9+81353]
	Ordinal0 [0x00B20CD9+2100441]
	GetHandleVerifier [0x00D8B75A+1396954]
	GetHandleVerifier [0x00D8B3D9+1396057]
	GetHandleVerifier [0x00D97126+1444518]
	GetHandleVerifier [0x00D8BCE8+1398376]
	Ordinal0 [0x00B17F51+2064209]
	Ordinal0 [0x00B222EB+2106091]
	Ordinal0 [0x00B22411+2106385]
	Ordinal0 [0x00B349C4+2181572]
	BaseThreadInitThunk [0x76F3FA29+25]
	RtlGetAppContainerNamedObjectPath [0x778A7A7E+286]
	RtlGetAppContainerNamedObjectPath [0x778A7A4E+238]
">
      <![CDATA[org.openqa.selenium.SessionNotCreatedException: session not created: This version of ChromeDriver only supports Chrome version 85
Build info: version: '3.141.59', revision: 'e82be7d358', time: '2018-11-14T08:17:03'
System info: host: 'DESKTOP-0THIKDA', ip: '192.168.1.100', os.name: 'Windows 10', os.arch: 'amd64', os.version: '10.0', java.version: '1.8.0_73'
Driver info: driver.version: Driver
remote stacktrace: Backtrace:
Ordinal0 [0x00C1D383+3134339]
Ordinal0 [0x00B0A171+2007409]
Ordinal0 [0x009AAEE8+569064]
Ordinal0 [0x0093139F+70559]
Ordinal0 [0x0092CC63+52323]
Ordinal0 [0x00950DFC+200188]
Ordinal0 [0x00950C1D+199709]
Ordinal0 [0x0094EB0B+191243]
Ordinal0 [0x00932E77+77431]
Ordinal0 [0x00933E3E+81470]
Ordinal0 [0x00933DC9+81353]
Ordinal0 [0x00B20CD9+2100441]
GetHandleVerifier [0x00D8B75A+1396954]
GetHandleVerifier [0x00D8B3D9+1396057]
GetHandleVerifier [0x00D97126+1444518]
GetHandleVerifier [0x00D8BCE8+1398376]
Ordinal0 [0x00B17F51+2064209]
Ordinal0 [0x00B222EB+2106091]
Ordinal0 [0x00B22411+2106385]
Ordinal0 [0x00B349C4+2181572]
BaseThreadInitThunk [0x76F3FA29+25]
RtlGetAppContainerNamedObjectPath [0x778A7A7E+286]
RtlGetAppContainerNamedObjectPath [0x778A7A4E+238]

at sun.reflect.NativeConstructorAccessorImpl.newInstance0(Native Method)
at sun.reflect.NativeConstructorAccessorImpl.newInstance(NativeConstructorAccessorImpl.java:62)
at sun.reflect.DelegatingConstructorAccessorImpl.newInstance(DelegatingConstructorAccessorImpl.java:45)
at java.lang.reflect.Constructor.newInstance(Constructor.java:422)
at org.openqa.selenium.remote.W3CHandshakeResponse.lambda$errorHandler$0(W3CHandshakeResponse.java:62)
at org.openqa.selenium.remote.HandshakeResponse.lambda$getResponseFunction$0(HandshakeResponse.java:30)
at org.openqa.selenium.remote.ProtocolHandshake.lambda$createSession$0(ProtocolHandshake.java:126)
at java.util.stream.ReferencePipeline$3$1.accept(ReferencePipeline.java:193)
at java.util.Spliterators$ArraySpliterator.tryAdvance(Spliterators.java:958)
at java.util.stream.ReferencePipeline.forEachWithCancel(ReferencePipeline.java:126)
at java.util.stream.AbstractPipeline.copyIntoWithCancel(AbstractPipeline.java:498)
at java.util.stream.AbstractPipeline.copyInto(AbstractPipeline.java:485)
at java.util.stream.AbstractPipeline.wrapAndCopyInto(AbstractPipeline.java:471)
at java.util.stream.FindOps$FindOp.evaluateSequential(FindOps.java:152)
at java.util.stream.AbstractPipeline.evaluate(AbstractPipeline.java:234)
at java.util.stream.ReferencePipeline.findFirst(ReferencePipeline.java:464)
at org.openqa.selenium.remote.ProtocolHandshake.createSession(ProtocolHandshake.java:128)
at org.openqa.selenium.remote.ProtocolHandshake.createSession(ProtocolHandshake.java:74)
at org.openqa.selenium.remote.HttpCommandExecutor.execute(HttpCommandExecutor.java:136)
at org.openqa.selenium.remote.service.DriverCommandExecutor.execute(DriverCommandExecutor.java:83)
at org.openqa.selenium.remote.RemoteWebDriver.execute(RemoteWebDriver.java:552)
at org.openqa.selenium.remote.RemoteWebDriver.startSession(RemoteWebDriver.java:213)
at org.openqa.selenium.remote.RemoteWebDriver.<init>(RemoteWebDriver.java:131)
at org.openqa.selenium.chrome.ChromeDriver.<init>(ChromeDriver.java:181)
at org.openqa.selenium.chrome.ChromeDriver.<init>(ChromeDriver.java:168)
at org.openqa.selenium.chrome.ChromeDriver.<init>(ChromeDriver.java:123)
at DriverSetup.BrowserSetup.driverSetup(BrowserSetup.java:24)
at Tests.Driver.f1(Driver.java:30)
at sun.reflect.NativeMethodAccessorImpl.invoke0(Native Method)
at sun.reflect.NativeMethodAccessorImpl.invoke(NativeMethodAccessorImpl.java:62)
at sun.reflect.DelegatingMethodAccessorImpl.invoke(DelegatingMethodAccessorImpl.java:43)
at java.lang.reflect.Method.invoke(Method.java:497)
at org.testng.internal.MethodInvocationHelper.invokeMethod(MethodInvocationHelper.java:132)
at org.testng.internal.MethodInvocationHelper.invokeMethodConsideringTimeout(MethodInvocationHelper.java:61)
at org.testng.internal.ConfigInvoker.invokeConfigurationMethod(ConfigInvoker.java:366)
at org.testng.internal.ConfigInvoker.invokeConfigurations(ConfigInvoker.java:320)
at org.testng.internal.TestInvoker.runConfigMethods(TestInvoker.java:701)
at org.testng.internal.TestInvoker.invokeMethod(TestInvoker.java:527)
at org.testng.internal.TestInvoker.invokeTestMethod(TestInvoker.java:174)
at org.testng.internal.MethodRunner.runInSequence(MethodRunner.java:46)
at org.testng.internal.TestInvoker$MethodInvocationAgent.invoke(TestInvoker.java:822)
at org.testng.internal.TestInvoker.invokeTestMethods(TestInvoker.java:147)
at org.testng.internal.TestMethodWorker.invokeTestMethods(TestMethodWorker.java:146)
at org.testng.internal.TestMethodWorker.run(TestMethodWorker.java:128)
at java.util.ArrayList.forEach(ArrayList.java:1249)
at org.testng.TestRunner.privateRun(TestRunner.java:764)
at org.testng.TestRunner.run(TestRunner.java:585)
at org.testng.SuiteRunner.runTest(SuiteRunner.java:384)
at org.testng.SuiteRunner.runSequentially(SuiteRunner.java:378)
at org.testng.SuiteRunner.privateRun(SuiteRunner.java:337)
at org.testng.SuiteRunner.run(SuiteRunner.java:286)
at org.testng.SuiteRunnerWorker.runSuite(SuiteRunnerWorker.java:53)
at org.testng.SuiteRunnerWorker.run(SuiteRunnerWorker.java:96)
at org.testng.TestNG.runSuitesSequentially(TestNG.java:1218)
at org.testng.TestNG.runSuitesLocally(TestNG.java:1140)
at org.testng.TestNG.runSuites(TestNG.java:1069)
at org.testng.TestNG.run(TestNG.java:1037)
at org.testng.remote.AbstractRemoteTestNG.run(AbstractRemoteTestNG.java:115)
at org.testng.remote.RemoteTestNG.initAndRun(RemoteTestNG.java:251)
at org.testng.remote.RemoteTestNG.main(RemoteTestNG.java:77)
]]>
    </failure>
  </testcase> <!-- @BeforeMethod f1 -->
  <testcase name="@AfterTest f3" time="-1.622452838397E9" classname="Tests.Driver">
    <skipped/>
  </testcase> <!-- @AfterTest f3 -->
  <testcase name="f2" time="0.0" classname="Tests.Driver">
    <skipped/>
  </testcase> <!-- f2 -->
</testsuite> <!-- Default test -->
